#
# A fatal error has been detected by the Java Runtime Environment:
#
#  SIGSEGV (0xb) at pc=0x00007fa1cf07ac17, pid=28543, tid=140332511237888
#
# JRE version: OpenJDK Runtime Environment (7.0_55-b14) (build 1.7.0_55-b14)
# Java VM: OpenJDK 64-Bit Server VM (24.51-b03 mixed mode linux-amd64 compressed oops)
# Problematic frame:
# V  [libjvm.so+0x51fc17]  STWGCTimer::register_gc_start(long)+0x17
#
# Failed to write core dump. Core dumps have been disabled. To enable core dumping, try "ulimit -c unlimited" before starting Java again
#
# If you would like to submit a bug report, please include
# instructions on how to reproduce the bug and visit:
#   http://icedtea.classpath.org/bugzilla
#

---------------  T H R E A D  ---------------

Current thread (0x00007fa1c8079800):  VMThread [stack: 0x00007fa1b56b9000,0x00007fa1b57ba000] [id=28557]

siginfo:si_signo=SIGSEGV: si_errno=0, si_code=1 (SEGV_MAPERR), si_addr=0x0000000000000000

Registers:
RAX=0x0000000000000000, RBX=0x00007fa1cf902c60, RCX=0x0000000000000018, RDX=0x00000000000cd81e
RSP=0x00007fa1b57b86a0, RBP=0x00007fa1b57b86f0, RSI=0x00000000279d0141, RDI=0x00007fa1cf902c60
R8 =0x0000000000000000, R9 =0x0000000000000001, R10=0x0000000053e70899, R11=0x0000000000000002
R12=0x00007fa1cf917320, R13=0x00000000279d0141, R14=0x0000000000000004, R15=0x000000000000000a
RIP=0x00007fa1cf07ac17, EFLAGS=0x0000000000010206, CSGSFS=0x0000000000000033, ERR=0x0000000000000006
  TRAPNO=0x000000000000000e

Top of Stack: (sp=0x00007fa1b57b86a0)
0x00007fa1b57b86a0:   00007fa1b57b86d0 00007fa1c801c5e0
0x00007fa1b57b86b0:   00007fa1cf917320 00007fa1c8020d80
0x00007fa1b57b86c0:   0000000000000004 000000000000000a
0x00007fa1b57b86d0:   00007fa1b57b86f0 00007fa1c801c5e0
0x00007fa1b57b86e0:   00007fa1cf917320 00007fa1c8020d80
0x00007fa1b57b86f0:   00007fa1b57b8a70 00007fa1cf35cec7
0x00007fa1b57b8700:   0000000027e80000 0000000013e80000
0x00007fa1b57b8710:   00007fa100000000 00007fa10000000a
0x00007fa1b57b8720:   00007fa1c801f110 0000000013e90000
0x00007fa1b57b8730:   000000001698f808 0000000013e80000
0x00007fa1b57b8740:   00007fa1c801f110 00000000000003d8
0x00007fa1b57b8750:   0000000027e80000 00007fa1b57b8930
0x00007fa1b57b8760:   00007fa1b57b8900 00007fa1b57b8870
0x00007fa1b57b8770:   00007fa1b57b8850 00007fa1c802c1c8
0x00007fa1b57b8780:   00007fa1c802bdf0 00007fa1cf8dce10
0x00007fa1b57b8790:   00007fa1cf8f8d6d 00007fa1cf901250
0x00007fa1b57b87a0:   00007fa1c8078d20 0000000000000000
0x00007fa1b57b87b0:   00007fa1c802bde0 00007fa1c8021360
0x00007fa1b57b87c0:   000000000055ff01 00007fa1cf902310
0x00007fa1b57b87d0:   00007fa1c801f3c0 00007fa1c8020d80
0x00007fa1b57b87e0:   0000000ac801f110 00007fa1c801f450
0x00007fa1b57b87f0:   0000000000000000 0000000000000000
0x00007fa1b57b8800:   0000000000000000 0000000000000000
0x00007fa1b57b8810:   000000002797ab29 00007fa1b57b8890
0x00007fa1b57b8820:   000000002797aec3 00007fa1c8021360
0x00007fa1b57b8830:   000000002797b32d 00007fa1cf901250
0x00007fa1b57b8840:   00007fa1c801f450 00007fa1c8020d80
0x00007fa1b57b8850:   0101010101010100 000000000000000a
0x00007fa1b57b8860:   00007fa1cf8c71d0 00007fa1c8077a40
0x00007fa1b57b8870:   00007fa1b57b89b0 0000000000000100
0x00007fa1b57b8880:   0000000000000000 00007fa1c8079800
0x00007fa1b57b8890:   00007fa1cf4d4136 0000000000000000 

Instructions: (pc=0x00007fa1cf07ac17)
0x00007fa1cf07abf7:   a0 0f 1f 84 00 00 00 00 00 55 48 89 e5 41 55 49
0x00007fa1cf07ac07:   89 f5 41 54 53 48 89 fb 48 83 ec 38 48 8b 47 18
0x00007fa1cf07ac17:   c7 00 00 00 00 00 c7 47 34 00 00 00 00 48 c7 47
0x00007fa1cf07ac27:   38 00 00 00 00 48 c7 47 40 00 00 00 00 48 89 73 

Register to memory mapping:

RAX=0x0000000000000000 is an unknown value
RBX=0x00007fa1cf902c60: <offset 0xda7c60> in /usr/lib/jvm/java-7-openjdk-amd64/jre/lib/amd64/server/libjvm.so at 0x00007fa1ceb5b000
RCX=0x0000000000000018 is an unknown value
RDX=0x00000000000cd81e is an unknown value
RSP=0x00007fa1b57b86a0 is an unknown value
RBP=0x00007fa1b57b86f0 is an unknown value
RSI=0x00000000279d0141 is an unknown value
RDI=0x00007fa1cf902c60: <offset 0xda7c60> in /usr/lib/jvm/java-7-openjdk-amd64/jre/lib/amd64/server/libjvm.so at 0x00007fa1ceb5b000
R8 =0x0000000000000000 is an unknown value
R9 =0x0000000000000001 is an unknown value
R10=0x0000000053e70899 is an unknown value
R11=0x0000000000000002 is an unknown value
R12=0x00007fa1cf917320: <offset 0xdbc320> in /usr/lib/jvm/java-7-openjdk-amd64/jre/lib/amd64/server/libjvm.so at 0x00007fa1ceb5b000
R13=0x00000000279d0141 is an unknown value
R14=0x0000000000000004 is an unknown value
R15=0x000000000000000a is an unknown value


Stack: [0x00007fa1b56b9000,0x00007fa1b57ba000],  sp=0x00007fa1b57b86a0,  free space=1021k
Native frames: (J=compiled Java code, j=interpreted, Vv=VM code, C=native code)
V  [libjvm.so+0x51fc17]  STWGCTimer::register_gc_start(long)+0x17
V  [libjvm.so+0x801ec7]  PSScavenge::invoke_no_policy()+0x37
V  [libjvm.so+0x8033c8]  PSScavenge::invoke()+0x38
V  [libjvm.so+0x7b9b33]  ParallelScavengeHeap::failed_mem_allocate(unsigned long)+0x63
V  [libjvm.so+0x919544]  VM_ParallelGCFailedAllocation::doit()+0x84
V  [libjvm.so+0x91d9e7]  VM_Operation::evaluate()+0x47
V  [libjvm.so+0x91c3b8]  VMThread::evaluate_operation(VM_Operation*)+0x318
V  [libjvm.so+0x91c819]  VMThread::loop()+0x219
V  [libjvm.so+0x91cc62]  VMThread::run()+0x72
V  [libjvm.so+0x7974e2]  java_start(Thread*)+0xf2

VM_Operation (0x00007fa1853f29e0): ParallelGCFailedAllocation, mode: safepoint, requested by thread 0x00007fa15807c800


---------------  P R O C E S S  ---------------

Java Threads: ( => current thread )
  0x00007fa15808b000 JavaThread "New I/O server worker #2-1" [_thread_blocked, id=28623, stack(0x00007fa1851f3000,0x00007fa1852f4000)]
  0x00007fa15807c800 JavaThread "New I/O server worker #2-8" [_thread_blocked, id=28622, stack(0x00007fa1852f4000,0x00007fa1853f5000)]
  0x00007fa15806e000 JavaThread "New I/O server worker #2-7" [_thread_blocked, id=28621, stack(0x00007fa1853f5000,0x00007fa1854f6000)]
  0x00007fa158060000 JavaThread "New I/O server worker #2-6" [_thread_blocked, id=28620, stack(0x00007fa1854f6000,0x00007fa1855f7000)]
  0x00007fa158052800 JavaThread "New I/O server worker #2-5" [_thread_blocked, id=28619, stack(0x00007fa1855f7000,0x00007fa1856f8000)]
  0x00007fa158044800 JavaThread "New I/O server worker #2-4" [_thread_blocked, id=28618, stack(0x00007fa1856f8000,0x00007fa1857f9000)]
  0x00007fa158037000 JavaThread "New I/O server worker #2-3" [_thread_blocked, id=28617, stack(0x00007fa1857f9000,0x00007fa1858fa000)]
  0x00007fa158029800 JavaThread "New I/O server worker #2-2" [_thread_blocked, id=28615, stack(0x00007fa1858fa000,0x00007fa1859fb000)]
  0x00007fa158011000 JavaThread "Hashed wheel timer #2" [_thread_blocked, id=28614, stack(0x00007fa1859fb000,0x00007fa185afc000)]
  0x00007fa1c88f3000 JavaThread "New I/O server boss #2 ([id: 0x5a047210, /0:0:0:0:0:0:0:0:6633])" [_thread_blocked, id=28597, stack(0x00007fa185afc000,0x00007fa185bfd000)]
  0x00007fa1c8850800 JavaThread "ActionDistributor: Thread-9" [_thread_blocked, id=28596, stack(0x00007fa185bfd000,0x00007fa185cfe000)]
  0x00007fa1c881f800 JavaThread "ActionDistributor: Thread-7" [_thread_blocked, id=28595, stack(0x00007fa185cfe000,0x00007fa185dff000)]
  0x00007fa1c881d000 JavaThread "ActionDistributor: Thread-6" [_thread_blocked, id=28594, stack(0x00007fa185dff000,0x00007fa185f00000)]
  0x00007fa1c8803800 JavaThread "FileManager: Thread-5" [_thread_blocked, id=28593, stack(0x00007fa185f00000,0x00007fa186001000)]
  0x00007fa1c8701000 JavaThread "New I/O server boss #1 ([id: 0x61b8f500, /127.0.0.1:6642])" [_thread_blocked, id=28592, stack(0x00007fa18610f000,0x00007fa186210000)]
  0x00007fa1c8406000 JavaThread "SyncMessage-1" [_thread_blocked, id=28591, stack(0x00007fa186210000,0x00007fa186311000)]
  0x00007fa1c8402800 JavaThread "SyncMessage-0" [_thread_blocked, id=28590, stack(0x00007fa186311000,0x00007fa186412000)]
  0x00007fa1c83fb800 JavaThread "HintWorker-1" [_thread_blocked, id=28589, stack(0x00007fa186412000,0x00007fa186513000)]
  0x00007fa1c8400000 JavaThread "HintWorker-0" [_thread_blocked, id=28588, stack(0x00007fa1b4044000,0x00007fa1b4145000)]
  0x00007fa168001000 JavaThread "Scheduled-4" [_thread_blocked, id=28587, stack(0x00007fa186513000,0x00007fa186614000)]
  0x00007fa1c86b2800 JavaThread "Topology Updates" [_thread_blocked, id=28586, stack(0x00007fa186614000,0x00007fa186715000)]
  0x00007fa1c86ad800 JavaThread "Scheduled-3" [_thread_blocked, id=28585, stack(0x00007fa186715000,0x00007fa186816000)]
  0x00007fa1c86ac800 JavaThread "Scheduled-2" [_thread_blocked, id=28584, stack(0x00007fa186816000,0x00007fa186917000)]
  0x00007fa17007a000 JavaThread "org.python.google.common.base.internal.Finalizer" daemon [_thread_blocked, id=28583, stack(0x00007fa186917000,0x00007fa186a18000)]
  0x00007fa1c86a9000 JavaThread "Scheduled-1" [_thread_blocked, id=28582, stack(0x00007fa186a18000,0x00007fa186b19000)]
  0x00007fa1c857a000 JavaThread "Scheduled-0" [_thread_blocked, id=28581, stack(0x00007fa186b19000,0x00007fa186c1a000)]
  0x00007fa1c86a7000 JavaThread "debugserver-main" [_thread_in_native, id=28580, stack(0x00007fa186c1a000,0x00007fa186d1b000)]
  0x00007fa1c8550800 JavaThread "Timer-0" daemon [_thread_blocked, id=28579, stack(0x00007fa186f24000,0x00007fa187025000)]
  0x00007fa1c80ba000 JavaThread "Service Thread" daemon [_thread_blocked, id=28572, stack(0x00007fa1b4bab000,0x00007fa1b4cac000)]
  0x00007fa1c80b8000 JavaThread "C2 CompilerThread1" daemon [_thread_blocked, id=28571, stack(0x00007fa1b4cac000,0x00007fa1b4dad000)]
  0x00007fa1c80b5000 JavaThread "C2 CompilerThread0" daemon [_thread_blocked, id=28570, stack(0x00007fa1b4dad000,0x00007fa1b4eae000)]
  0x00007fa1c80b2800 JavaThread "JDWP Event Helper Thread" daemon [_thread_blocked, id=28565, stack(0x00007fa1b4faf000,0x00007fa1b50b0000)]
  0x00007fa1c80af000 JavaThread "JDWP Transport Listener: dt_socket" daemon [_thread_in_native, id=28563, stack(0x00007fa1b50b0000,0x00007fa1b51b1000)]
  0x00007fa1c80a2000 JavaThread "Signal Dispatcher" daemon [_thread_blocked, id=28561, stack(0x00007fa1b53b6000,0x00007fa1b54b7000)]
  0x00007fa1c8080000 JavaThread "Finalizer" daemon [_thread_blocked, id=28560, stack(0x00007fa1b54b7000,0x00007fa1b55b8000)]
  0x00007fa1c807e000 JavaThread "Reference Handler" daemon [_thread_blocked, id=28559, stack(0x00007fa1b55b8000,0x00007fa1b56b9000)]
  0x00007fa1c800e800 JavaThread "main" [_thread_blocked, id=28552, stack(0x00007fa1d0631000,0x00007fa1d0732000)]

Other Threads:
=>0x00007fa1c8079800 VMThread [stack: 0x00007fa1b56b9000,0x00007fa1b57ba000] [id=28557]
  0x00007fa1c80c4800 WatcherThread [stack: 0x00007fa1b4aaa000,0x00007fa1b4bab000] [id=28573]

VM state:at safepoint (normal execution)

VM Mutex/Monitor currently owned by a thread:  ([mutex/lock_event])
[0x00007fa1c800a900] Threads_lock - owner thread: 0x00007fa1c8079800
[0x00007fa1c800ae00] Heap_lock - owner thread: 0x00007fa15807c800

Heap
 PSYoungGen      total 326656K, used 326240K [0x00000000ec080000, 0x0000000100000000, 0x0000000100000000)
  eden space 326144K, 100% used [0x00000000ec080000,0x00000000fff00000,0x00000000fff00000)
  from space 512K, 18% used [0x00000000fff80000,0x00000000fff98000,0x0000000100000000)
  to   space 512K, 0% used [0x00000000fff00000,0x00000000fff00000,0x00000000fff80000)
 ParOldGen       total 49152K, used 44030K [0x00000000c4200000, 0x00000000c7200000, 0x00000000ec080000)
  object space 49152K, 89% used [0x00000000c4200000,0x00000000c6cff808,0x00000000c7200000)
 PSPermGen       total 77824K, used 38713K [0x00000000b9c00000, 0x00000000be800000, 0x00000000c4200000)
  object space 77824K, 49% used [0x00000000b9c00000,0x00000000bc1ce480,0x00000000be800000)

Card table byte_map: [0x00007fa1cc55b000,0x00007fa1cc78e000] byte_map_base: 0x00007fa1cbf8d000

Polling page: 0x00007fa1d074b000

Code Cache  [0x00007fa1c5000000, 0x00007fa1c5430000, 0x00007fa1c8000000)
 total_blobs=1445 nmethods=1022 adapters=384 free_code_cache=44991Kb largest_free_block=45954816

Compilation events (10 events):
Event: 348.692 Thread 0x00007fa1c80b5000 1061             java.util.concurrent.ScheduledThreadPoolExecutor$DelayedWorkQueue::siftUp (66 bytes)
Event: 348.697 Thread 0x00007fa1c80b5000 nmethod 1061 0x00007fa1c53b7e50 code [0x00007fa1c53b7fe0, 0x00007fa1c53b8598]
Event: 350.377 Thread 0x00007fa1c80b8000 1062             net.floodlightcontroller.util.MACAddress::toLong (43 bytes)
Event: 350.378 Thread 0x00007fa1c80b8000 nmethod 1062 0x00007fa1c5400f50 code [0x00007fa1c54010a0, 0x00007fa1c54011f8]
Event: 355.591 Thread 0x00007fa1c80b5000 1063             net.floodlightcontroller.core.internal.Controller$SwitchManager::getSwitch (61 bytes)
Event: 355.598 Thread 0x00007fa1c80b5000 nmethod 1063 0x00007fa1c5401a90 code [0x00007fa1c5401c60, 0x00007fa1c5402498]
Event: 365.401 Thread 0x00007fa1c80b8000 1064             org.slf4j.helpers.MessageFormatter::arrayFormat (306 bytes)
Event: 370.224 Thread 0x00007fa1c80b8000 nmethod 1064 0x00007fa1c5429150 code [0x00007fa1c5429520, 0x00007fa1c542b288]
Event: 370.613 Thread 0x00007fa1c80b5000 1065             net.floodlightcontroller.core.internal.Controller::getSwitch (9 bytes)
Event: 370.850 Thread 0x00007fa1c80b5000 nmethod 1065 0x00007fa1c53ffc10 code [0x00007fa1c53ffd60, 0x00007fa1c53ffe28]

GC Heap History (10 events):
Event: 662.783 GC heap before
{Heap before GC invocations=1171 (full 1):
 PSYoungGen      total 326656K, used 326208K [0x00000000ec080000, 0x0000000100000000, 0x0000000100000000)
  eden space 326144K, 100% used [0x00000000ec080000,0x00000000fff00000,0x00000000fff00000)
  from space 512K, 12% used [0x00000000fff00000,0x00000000fff10000,0x00000000fff80000)
  to   space 512K, 0% used [0x00000000fff80000,0x00000000fff80000,0x0000000100000000)
 ParOldGen       total 49152K, used 44030K [0x00000000c4200000, 0x00000000c7200000, 0x00000000ec080000)
  object space 49152K, 89% used [0x00000000c4200000,0x00000000c6cff808,0x00000000c7200000)
 PSPermGen       total 77824K, used 38713K [0x00000000b9c00000, 0x00000000be800000, 0x00000000c4200000)
  object space 77824K, 49% used [0x00000000b9c00000,0x00000000bc1ce480,0x00000000be800000)
Event: 662.785 GC heap after
Heap after GC invocations=1171 (full 1):
 PSYoungGen      total 326656K, used 64K [0x00000000ec080000, 0x0000000100000000, 0x0000000100000000)
  eden space 326144K, 0% used [0x00000000ec080000,0x00000000ec080000,0x00000000fff00000)
  from space 512K, 12% used [0x00000000fff80000,0x00000000fff90000,0x0000000100000000)
  to   space 512K, 0% used [0x00000000fff00000,0x00000000fff00000,0x00000000fff80000)
 ParOldGen       total 49152K, used 44030K [0x00000000c4200000, 0x00000000c7200000, 0x00000000ec080000)
  object space 49152K, 89% used [0x00000000c4200000,0x00000000c6cff808,0x00000000c7200000)
 PSPermGen       total 77824K, used 38713K [0x00000000b9c00000, 0x00000000be800000, 0x00000000c4200000)
  object space 77824K, 49% used [0x00000000b9c00000,0x00000000bc1ce480,0x00000000be800000)
}
Event: 663.130 GC heap before
{Heap before GC invocations=1172 (full 1):
 PSYoungGen      total 326656K, used 326208K [0x00000000ec080000, 0x0000000100000000, 0x0000000100000000)
  eden space 326144K, 100% used [0x00000000ec080000,0x00000000fff00000,0x00000000fff00000)
  from space 512K, 12% used [0x00000000fff80000,0x00000000fff90000,0x0000000100000000)
  to   space 512K, 0% used [0x00000000fff00000,0x00000000fff00000,0x00000000fff80000)
 ParOldGen       total 49152K, used 44030K [0x00000000c4200000, 0x00000000c7200000, 0x00000000ec080000)
  object space 49152K, 89% used [0x00000000c4200000,0x00000000c6cff808,0x00000000c7200000)
 PSPermGen       total 77824K, used 38713K [0x00000000b9c00000, 0x00000000be800000, 0x00000000c4200000)
  object space 77824K, 49% used [0x00000000b9c00000,0x00000000bc1ce480,0x00000000be800000)
Event: 663.133 GC heap after
Heap after GC invocations=1172 (full 1):
 PSYoungGen      total 326656K, used 96K [0x00000000ec080000, 0x0000000100000000, 0x0000000100000000)
  eden space 326144K, 0% used [0x00000000ec080000,0x00000000ec080000,0x00000000fff00000)
  from space 512K, 18% used [0x00000000fff00000,0x00000000fff18000,0x00000000fff80000)
  to   space 512K, 0% used [0x00000000fff80000,0x00000000fff80000,0x0000000100000000)
 ParOldGen       total 49152K, used 44030K [0x00000000c4200000, 0x00000000c7200000, 0x00000000ec080000)
  object space 49152K, 89% used [0x00000000c4200000,0x00000000c6cff808,0x00000000c7200000)
 PSPermGen       total 77824K, used 38713K [0x00000000b9c00000, 0x00000000be800000, 0x00000000c4200000)
  object space 77824K, 49% used [0x00000000b9c00000,0x00000000bc1ce480,0x00000000be800000)
}
Event: 663.480 GC heap before
{Heap before GC invocations=1173 (full 1):
 PSYoungGen      total 326656K, used 326240K [0x00000000ec080000, 0x0000000100000000, 0x0000000100000000)
  eden space 326144K, 100% used [0x00000000ec080000,0x00000000fff00000,0x00000000fff00000)
  from space 512K, 18% used [0x00000000fff00000,0x00000000fff18000,0x00000000fff80000)
  to   space 512K, 0% used [0x00000000fff80000,0x00000000fff80000,0x0000000100000000)
 ParOldGen       total 49152K, used 44030K [0x00000000c4200000, 0x00000000c7200000, 0x00000000ec080000)
  object space 49152K, 89% used [0x00000000c4200000,0x00000000c6cff808,0x00000000c7200000)
 PSPermGen       total 77824K, used 38713K [0x00000000b9c00000, 0x00000000be800000, 0x00000000c4200000)
  object space 77824K, 49% used [0x00000000b9c00000,0x00000000bc1ce480,0x00000000be800000)
Event: 663.482 GC heap after
Heap after GC invocations=1173 (full 1):
 PSYoungGen      total 326656K, used 64K [0x00000000ec080000, 0x0000000100000000, 0x0000000100000000)
  eden space 326144K, 0% used [0x00000000ec080000,0x00000000ec080000,0x00000000fff00000)
  from space 512K, 12% used [0x00000000fff80000,0x00000000fff90000,0x0000000100000000)
  to   space 512K, 0% used [0x00000000fff00000,0x00000000fff00000,0x00000000fff80000)
 ParOldGen       total 49152K, used 44030K [0x00000000c4200000, 0x00000000c7200000, 0x00000000ec080000)
  object space 49152K, 89% used [0x00000000c4200000,0x00000000c6cff808,0x00000000c7200000)
 PSPermGen       total 77824K, used 38713K [0x00000000b9c00000, 0x00000000be800000, 0x00000000c4200000)
  object space 77824K, 49% used [0x00000000b9c00000,0x00000000bc1ce480,0x00000000be800000)
}
Event: 663.899 GC heap before
{Heap before GC invocations=1174 (full 1):
 PSYoungGen      total 326656K, used 326208K [0x00000000ec080000, 0x0000000100000000, 0x0000000100000000)
  eden space 326144K, 100% used [0x00000000ec080000,0x00000000fff00000,0x00000000fff00000)
  from space 512K, 12% used [0x00000000fff80000,0x00000000fff90000,0x0000000100000000)
  to   space 512K, 0% used [0x00000000fff00000,0x00000000fff00000,0x00000000fff80000)
 ParOldGen       total 49152K, used 44030K [0x00000000c4200000, 0x00000000c7200000, 0x00000000ec080000)
  object space 49152K, 89% used [0x00000000c4200000,0x00000000c6cff808,0x00000000c7200000)
 PSPermGen       total 77824K, used 38713K [0x00000000b9c00000, 0x00000000be800000, 0x00000000c4200000)
  object space 77824K, 49% used [0x00000000b9c00000,0x00000000bc1ce480,0x00000000be800000)
Event: 663.900 GC heap after
Heap after GC invocations=1174 (full 1):
 PSYoungGen      total 326656K, used 64K [0x00000000ec080000, 0x0000000100000000, 0x0000000100000000)
  eden space 326144K, 0% used [0x00000000ec080000,0x00000000ec080000,0x00000000fff00000)
  from space 512K, 12% used [0x00000000fff00000,0x00000000fff10000,0x00000000fff80000)
  to   space 512K, 0% used [0x00000000fff80000,0x00000000fff80000,0x0000000100000000)
 ParOldGen       total 49152K, used 44030K [0x00000000c4200000, 0x00000000c7200000, 0x00000000ec080000)
  object space 49152K, 89% used [0x00000000c4200000,0x00000000c6cff808,0x00000000c7200000)
 PSPermGen       total 77824K, used 38713K [0x00000000b9c00000, 0x00000000be800000, 0x00000000c4200000)
  object space 77824K, 49% used [0x00000000b9c00000,0x00000000bc1ce480,0x00000000be800000)
}
Event: 664.251 GC heap before
{Heap before GC invocations=1175 (full 1):
 PSYoungGen      total 326656K, used 326208K [0x00000000ec080000, 0x0000000100000000, 0x0000000100000000)
  eden space 326144K, 100% used [0x00000000ec080000,0x00000000fff00000,0x00000000fff00000)
  from space 512K, 12% used [0x00000000fff00000,0x00000000fff10000,0x00000000fff80000)
  to   space 512K, 0% used [0x00000000fff80000,0x00000000fff80000,0x0000000100000000)
 ParOldGen       total 49152K, used 44030K [0x00000000c4200000, 0x00000000c7200000, 0x00000000ec080000)
  object space 49152K, 89% used [0x00000000c4200000,0x00000000c6cff808,0x00000000c7200000)
 PSPermGen       total 77824K, used 38713K [0x00000000b9c00000, 0x00000000be800000, 0x00000000c4200000)
  object space 77824K, 49% used [0x00000000b9c00000,0x00000000bc1ce480,0x00000000be800000)
Event: 664.253 GC heap after
Heap after GC invocations=1175 (full 1):
 PSYoungGen      total 326656K, used 96K [0x00000000ec080000, 0x0000000100000000, 0x0000000100000000)
  eden space 326144K, 0% used [0x00000000ec080000,0x00000000ec080000,0x00000000fff00000)
  from space 512K, 18% used [0x00000000fff80000,0x00000000fff98000,0x0000000100000000)
  to   space 512K, 0% used [0x00000000fff00000,0x00000000fff00000,0x00000000fff80000)
 ParOldGen       total 49152K, used 44030K [0x00000000c4200000, 0x00000000c7200000, 0x00000000ec080000)
  object space 49152K, 89% used [0x00000000c4200000,0x00000000c6cff808,0x00000000c7200000)
 PSPermGen       total 77824K, used 38713K [0x00000000b9c00000, 0x00000000be800000, 0x00000000c4200000)
  object space 77824K, 49% used [0x00000000b9c00000,0x00000000bc1ce480,0x00000000be800000)
}

Deoptimization events (10 events):
Event: 328.791 Thread 0x00007fa158052800 Uncommon trap: reason=class_check action=maybe_recompile pc=0x00007fa1c53ec834 method=org.openflow.protocol.OFPhysicalPort.readFrom(Lorg/jboss/netty/buffer/ChannelBuffer;)V @ 2
Event: 329.137 Thread 0x00007fa158052800 Uncommon trap: reason=class_check action=maybe_recompile pc=0x00007fa1c53ec834 method=org.openflow.protocol.OFPhysicalPort.readFrom(Lorg/jboss/netty/buffer/ChannelBuffer;)V @ 2
Event: 329.137 Thread 0x00007fa158052800 Uncommon trap: reason=class_check action=maybe_recompile pc=0x00007fa1c53ec834 method=org.openflow.protocol.OFPhysicalPort.readFrom(Lorg/jboss/netty/buffer/ChannelBuffer;)V @ 2
Event: 358.605 Thread 0x00007fa1c88f3000 Uncommon trap: reason=unreached action=reinterpret pc=0x00007fa1c530c258 method=java.util.concurrent.locks.AbstractQueuedSynchronizer.doReleaseShared()V @ 6
Event: 358.771 Thread 0x00007fa1c88f3000 Uncommon trap: reason=unreached action=reinterpret pc=0x00007fa1c530e050 method=java.util.concurrent.locks.AbstractQueuedSynchronizer.apparentlyFirstQueuedIsExclusive()Z @ 6
Event: 358.771 Thread 0x00007fa158011000 Uncommon trap: reason=unreached action=reinterpret pc=0x00007fa1c5311058 method=java.util.concurrent.locks.AbstractQueuedSynchronizer.apparentlyFirstQueuedIsExclusive()Z @ 6
Event: 358.771 Thread 0x00007fa1c88f3000 Uncommon trap: reason=unreached action=reinterpret pc=0x00007fa1c530d5d0 method=java.util.concurrent.locks.ReentrantReadWriteLock$Sync.tryAcquireShared(I)I @ 21
Event: 358.771 Thread 0x00007fa1c88f3000 Uncommon trap: reason=unreached action=reinterpret pc=0x00007fa1c530ea48 method=java.util.concurrent.locks.AbstractQueuedSynchronizer.apparentlyFirstQueuedIsExclusive()Z @ 6
Event: 358.771 Thread 0x00007fa1c88f3000 Uncommon trap: reason=unreached action=reinterpret pc=0x00007fa1c530ccfc method=java.util.concurrent.locks.AbstractQueuedSynchronizer.doReleaseShared()V @ 6
Event: 370.763 Thread 0x00007fa1c857a000 Uncommon trap: reason=unreached action=reinterpret pc=0x00007fa1c53f5b94 method=net.floodlightcontroller.linkdiscovery.internal.LinkDiscoveryManager.discoverOnAllPorts()V @ 67

Internal exceptions (10 events):
Event: 569.668 Thread 0x00007fa1c86ad800 Threw 0x00000000ec6e2c38 at /build/buildd/openjdk-7-7u55-2.4.7/build/openjdk/hotspot/src/share/vm/prims/jni.cpp:717
Event: 579.673 Thread 0x00007fa168001000 Threw 0x00000000f26a80f8 at /build/buildd/openjdk-7-7u55-2.4.7/build/openjdk/hotspot/src/share/vm/prims/jni.cpp:717
Event: 589.698 Thread 0x00007fa1c86a9000 Threw 0x00000000f06bcf70 at /build/buildd/openjdk-7-7u55-2.4.7/build/openjdk/hotspot/src/share/vm/prims/jni.cpp:717
Event: 599.702 Thread 0x00007fa1c86ad800 Threw 0x00000000f0058900 at /build/buildd/openjdk-7-7u55-2.4.7/build/openjdk/hotspot/src/share/vm/prims/jni.cpp:717
Event: 609.707 Thread 0x00007fa1c86ad800 Threw 0x00000000ecd45b78 at /build/buildd/openjdk-7-7u55-2.4.7/build/openjdk/hotspot/src/share/vm/prims/jni.cpp:717
Event: 619.711 Thread 0x00007fa1c86ac800 Threw 0x00000000f59bc658 at /build/buildd/openjdk-7-7u55-2.4.7/build/openjdk/hotspot/src/share/vm/prims/jni.cpp:717
Event: 629.716 Thread 0x00007fa1c857a000 Threw 0x00000000f0059878 at /build/buildd/openjdk-7-7u55-2.4.7/build/openjdk/hotspot/src/share/vm/prims/jni.cpp:717
Event: 639.720 Thread 0x00007fa1c86ad800 Threw 0x00000000ed3a8040 at /build/buildd/openjdk-7-7u55-2.4.7/build/openjdk/hotspot/src/share/vm/prims/jni.cpp:717
Event: 649.725 Thread 0x00007fa168001000 Threw 0x00000000eed32390 at /build/buildd/openjdk-7-7u55-2.4.7/build/openjdk/hotspot/src/share/vm/prims/jni.cpp:717
Event: 659.977 Thread 0x00007fa1c86a9000 Threw 0x00000000ec6e4210 at /build/buildd/openjdk-7-7u55-2.4.7/build/openjdk/hotspot/src/share/vm/prims/jni.cpp:717

Events (10 events):
Event: 663.130 Executing VM operation: ParallelGCFailedAllocation
Event: 663.133 Executing VM operation: ParallelGCFailedAllocation done
Event: 663.480 Executing VM operation: ParallelGCFailedAllocation
Event: 663.482 Executing VM operation: ParallelGCFailedAllocation done
Event: 663.830 Executing VM operation: ParallelGCFailedAllocation
Event: 663.900 Executing VM operation: ParallelGCFailedAllocation done
Event: 663.942 Thread 0x00007fa198001000 Thread exited: 0x00007fa198001000
Event: 664.251 Executing VM operation: ParallelGCFailedAllocation
Event: 664.253 Executing VM operation: ParallelGCFailedAllocation done
Event: 664.601 Executing VM operation: ParallelGCFailedAllocation


Dynamic libraries:
00400000-00401000 r-xp 00000000 08:02 37884442                           /usr/lib/jvm/java-7-openjdk-amd64/jre/bin/java
00600000-00601000 r--p 00000000 08:02 37884442                           /usr/lib/jvm/java-7-openjdk-amd64/jre/bin/java
00601000-00602000 rw-p 00001000 08:02 37884442                           /usr/lib/jvm/java-7-openjdk-amd64/jre/bin/java
0119a000-011bb000 rw-p 00000000 00:00 0                                  [heap]
b9c00000-be800000 rw-p 00000000 00:00 0 
be800000-c4200000 rw-p 00000000 00:00 0 
c4200000-c7200000 rw-p 00000000 00:00 0 
c7200000-ec080000 rw-p 00000000 00:00 0 
ec080000-100000000 rw-p 00000000 00:00 0 
7fa144000000-7fa144021000 rw-p 00000000 00:00 0 
7fa144021000-7fa148000000 ---p 00000000 00:00 0 
7fa148000000-7fa148021000 rw-p 00000000 00:00 0 
7fa148021000-7fa14c000000 ---p 00000000 00:00 0 
7fa14c000000-7fa14c099000 rw-p 00000000 00:00 0 
7fa14c099000-7fa150000000 ---p 00000000 00:00 0 
7fa150000000-7fa15002d000 rw-p 00000000 00:00 0 
7fa15002d000-7fa154000000 ---p 00000000 00:00 0 
7fa154000000-7fa154092000 rw-p 00000000 00:00 0 
7fa154092000-7fa158000000 ---p 00000000 00:00 0 
7fa158000000-7fa15808f000 rw-p 00000000 00:00 0 
7fa15808f000-7fa15c000000 ---p 00000000 00:00 0 
7fa15c000000-7fa15c06e000 rw-p 00000000 00:00 0 
7fa15c06e000-7fa160000000 ---p 00000000 00:00 0 
7fa160000000-7fa1600f4000 rw-p 00000000 00:00 0 
7fa1600f4000-7fa164000000 ---p 00000000 00:00 0 
7fa164000000-7fa164265000 rw-p 00000000 00:00 0 
7fa164265000-7fa168000000 ---p 00000000 00:00 0 
7fa168000000-7fa16808d000 rw-p 00000000 00:00 0 
7fa16808d000-7fa16c000000 ---p 00000000 00:00 0 
7fa16c000000-7fa16c021000 rw-p 00000000 00:00 0 
7fa16c021000-7fa170000000 ---p 00000000 00:00 0 
7fa170000000-7fa1706c5000 rw-p 00000000 00:00 0 
7fa1706c5000-7fa174000000 ---p 00000000 00:00 0 
7fa174000000-7fa174094000 rw-p 00000000 00:00 0 
7fa174094000-7fa178000000 ---p 00000000 00:00 0 
7fa178000000-7fa17803d000 rw-p 00000000 00:00 0 
7fa17803d000-7fa17c000000 ---p 00000000 00:00 0 
7fa17c000000-7fa17c021000 rw-p 00000000 00:00 0 
7fa17c021000-7fa180000000 ---p 00000000 00:00 0 
7fa180000000-7fa180021000 rw-p 00000000 00:00 0 
7fa180021000-7fa184000000 ---p 00000000 00:00 0 
7fa1851f3000-7fa1851f6000 ---p 00000000 00:00 0 
7fa1851f6000-7fa1852f4000 rw-p 00000000 00:00 0                          [stack:28623]
7fa1852f4000-7fa1852f7000 ---p 00000000 00:00 0 
7fa1852f7000-7fa1853f5000 rw-p 00000000 00:00 0                          [stack:28622]
7fa1853f5000-7fa1853f8000 ---p 00000000 00:00 0 
7fa1853f8000-7fa1854f6000 rw-p 00000000 00:00 0                          [stack:28621]
7fa1854f6000-7fa1854f9000 ---p 00000000 00:00 0 
7fa1854f9000-7fa1855f7000 rw-p 00000000 00:00 0                          [stack:28620]
7fa1855f7000-7fa1855fa000 ---p 00000000 00:00 0 
7fa1855fa000-7fa1856f8000 rw-p 00000000 00:00 0                          [stack:28619]
7fa1856f8000-7fa1856fb000 ---p 00000000 00:00 0 
7fa1856fb000-7fa1857f9000 rw-p 00000000 00:00 0                          [stack:28618]
7fa1857f9000-7fa1857fc000 ---p 00000000 00:00 0 
7fa1857fc000-7fa1858fa000 rw-p 00000000 00:00 0                          [stack:28617]
7fa1858fa000-7fa1858fd000 ---p 00000000 00:00 0 
7fa1858fd000-7fa1859fb000 rw-p 00000000 00:00 0                          [stack:28615]
7fa1859fb000-7fa1859fe000 ---p 00000000 00:00 0 
7fa1859fe000-7fa185afc000 rw-p 00000000 00:00 0                          [stack:28614]
7fa185afc000-7fa185aff000 ---p 00000000 00:00 0 
7fa185aff000-7fa185bfd000 rw-p 00000000 00:00 0                          [stack:28597]
7fa185bfd000-7fa185c00000 ---p 00000000 00:00 0 
7fa185c00000-7fa185cfe000 rw-p 00000000 00:00 0                          [stack:28596]
7fa185cfe000-7fa185d01000 ---p 00000000 00:00 0 
7fa185d01000-7fa185dff000 rw-p 00000000 00:00 0                          [stack:28595]
7fa185dff000-7fa185e02000 ---p 00000000 00:00 0 
7fa185e02000-7fa185f00000 rw-p 00000000 00:00 0                          [stack:28594]
7fa185f00000-7fa185f03000 ---p 00000000 00:00 0 
7fa185f03000-7fa186001000 rw-p 00000000 00:00 0                          [stack:28593]
7fa186001000-7fa18600e000 r-xp 00000000 08:02 59508508                   /tmp/jffi8562307898692274648.tmp
7fa18600e000-7fa18610e000 ---p 0000d000 08:02 59508508                   /tmp/jffi8562307898692274648.tmp
7fa18610e000-7fa18610f000 rw-p 0000d000 08:02 59508508                   /tmp/jffi8562307898692274648.tmp
7fa18610f000-7fa186112000 ---p 00000000 00:00 0 
7fa186112000-7fa186210000 rw-p 00000000 00:00 0                          [stack:28592]
7fa186210000-7fa186213000 ---p 00000000 00:00 0 
7fa186213000-7fa186311000 rw-p 00000000 00:00 0                          [stack:28591]
7fa186311000-7fa186314000 ---p 00000000 00:00 0 
7fa186314000-7fa186412000 rw-p 00000000 00:00 0                          [stack:28590]
7fa186412000-7fa186415000 ---p 00000000 00:00 0 
7fa186415000-7fa186513000 rw-p 00000000 00:00 0                          [stack:28589]
7fa186513000-7fa186516000 ---p 00000000 00:00 0 
7fa186516000-7fa186614000 rw-p 00000000 00:00 0                          [stack:28587]
7fa186614000-7fa186617000 ---p 00000000 00:00 0 
7fa186617000-7fa186715000 rw-p 00000000 00:00 0                          [stack:28586]
7fa186715000-7fa186718000 ---p 00000000 00:00 0 
7fa186718000-7fa186816000 rw-p 00000000 00:00 0                          [stack:28585]
7fa186816000-7fa186819000 ---p 00000000 00:00 0 
7fa186819000-7fa186917000 rw-p 00000000 00:00 0                          [stack:28584]
7fa186917000-7fa18691a000 ---p 00000000 00:00 0 
7fa18691a000-7fa186a18000 rw-p 00000000 00:00 0                          [stack:28583]
7fa186a18000-7fa186a1b000 ---p 00000000 00:00 0 
7fa186a1b000-7fa186b19000 rw-p 00000000 00:00 0                          [stack:28582]
7fa186b19000-7fa186b1c000 ---p 00000000 00:00 0 
7fa186b1c000-7fa186c1a000 rw-p 00000000 00:00 0                          [stack:28581]
7fa186c1a000-7fa186c1d000 ---p 00000000 00:00 0 
7fa186c1d000-7fa186d1b000 rw-p 00000000 00:00 0                          [stack:28580]
7fa186d1b000-7fa186d23000 r-xp 00000000 08:02 37884515                   /usr/lib/jvm/java-7-openjdk-amd64/jre/lib/amd64/libmanagement.so
7fa186d23000-7fa186f22000 ---p 00008000 08:02 37884515                   /usr/lib/jvm/java-7-openjdk-amd64/jre/lib/amd64/libmanagement.so
7fa186f22000-7fa186f23000 r--p 00007000 08:02 37884515                   /usr/lib/jvm/java-7-openjdk-amd64/jre/lib/amd64/libmanagement.so
7fa186f23000-7fa186f24000 rw-p 00008000 08:02 37884515                   /usr/lib/jvm/java-7-openjdk-amd64/jre/lib/amd64/libmanagement.so
7fa186f24000-7fa186f27000 ---p 00000000 00:00 0 
7fa186f27000-7fa187025000 rw-p 00000000 00:00 0                          [stack:28579]
7fa187025000-7fa187028000 ---p 00000000 00:00 0 
7fa187028000-7fa18705e000 rw-p 00000000 00:00 0 
7fa18705e000-7fa18706e000 r-xp 00000000 08:02 37884512                   /usr/lib/jvm/java-7-openjdk-amd64/jre/lib/amd64/libnio.so
7fa18706e000-7fa18726e000 ---p 00010000 08:02 37884512                   /usr/lib/jvm/java-7-openjdk-amd64/jre/lib/amd64/libnio.so
7fa18726e000-7fa18726f000 r--p 00010000 08:02 37884512                   /usr/lib/jvm/java-7-openjdk-amd64/jre/lib/amd64/libnio.so
7fa18726f000-7fa187270000 rw-p 00011000 08:02 37884512                   /usr/lib/jvm/java-7-openjdk-amd64/jre/lib/amd64/libnio.so
7fa187270000-7fa1872ad000 r-xp 00000000 08:02 53874628                   /lib/x86_64-linux-gnu/libpcre.so.3.13.1
7fa1872ad000-7fa1874ac000 ---p 0003d000 08:02 53874628                   /lib/x86_64-linux-gnu/libpcre.so.3.13.1
7fa1874ac000-7fa1874ad000 r--p 0003c000 08:02 53874628                   /lib/x86_64-linux-gnu/libpcre.so.3.13.1
7fa1874ad000-7fa1874ae000 rw-p 0003d000 08:02 53874628                   /lib/x86_64-linux-gnu/libpcre.so.3.13.1
7fa1874ae000-7fa1874b5000 r-xp 00000000 08:02 35921557                   /usr/lib/x86_64-linux-gnu/libffi.so.6.0.1
7fa1874b5000-7fa1876b4000 ---p 00007000 08:02 35921557                   /usr/lib/x86_64-linux-gnu/libffi.so.6.0.1
7fa1876b4000-7fa1876b5000 r--p 00006000 08:02 35921557                   /usr/lib/x86_64-linux-gnu/libffi.so.6.0.1
7fa1876b5000-7fa1876b6000 rw-p 00007000 08:02 35921557                   /usr/lib/x86_64-linux-gnu/libffi.so.6.0.1
7fa1876b6000-7fa1876cd000 r-xp 00000000 08:02 53870894                   /lib/x86_64-linux-gnu/libresolv-2.19.so
7fa1876cd000-7fa1878cd000 ---p 00017000 08:02 53870894                   /lib/x86_64-linux-gnu/libresolv-2.19.so
7fa1878cd000-7fa1878ce000 r--p 00017000 08:02 53870894                   /lib/x86_64-linux-gnu/libresolv-2.19.so
7fa1878ce000-7fa1878cf000 rw-p 00018000 08:02 53870894                   /lib/x86_64-linux-gnu/libresolv-2.19.so
7fa1878cf000-7fa1878d1000 rw-p 00000000 00:00 0 
7fa1878d1000-7fa1878f1000 r-xp 00000000 08:02 53874516                   /lib/x86_64-linux-gnu/libselinux.so.1
7fa1878f1000-7fa187af0000 ---p 00020000 08:02 53874516                   /lib/x86_64-linux-gnu/libselinux.so.1
7fa187af0000-7fa187af1000 r--p 0001f000 08:02 53874516                   /lib/x86_64-linux-gnu/libselinux.so.1
7fa187af1000-7fa187af2000 rw-p 00020000 08:02 53874516                   /lib/x86_64-linux-gnu/libselinux.so.1
7fa187af2000-7fa187af4000 rw-p 00000000 00:00 0 
7fa187af4000-7fa187af7000 r-xp 00000000 08:02 35921674                   /usr/lib/x86_64-linux-gnu/libgmodule-2.0.so.0.4000.0
7fa187af7000-7fa187cf6000 ---p 00003000 08:02 35921674                   /usr/lib/x86_64-linux-gnu/libgmodule-2.0.so.0.4000.0
7fa187cf6000-7fa187cf7000 r--p 00002000 08:02 35921674                   /usr/lib/x86_64-linux-gnu/libgmodule-2.0.so.0.4000.0
7fa187cf7000-7fa187cf8000 rw-p 00003000 08:02 35921674                   /usr/lib/x86_64-linux-gnu/libgmodule-2.0.so.0.4000.0
7fa187cf8000-7fa187dfe000 r-xp 00000000 08:02 53874556                   /lib/x86_64-linux-gnu/libglib-2.0.so.0.4000.0
7fa187dfe000-7fa187ffd000 ---p 00106000 08:02 53874556                   /lib/x86_64-linux-gnu/libglib-2.0.so.0.4000.0
7fa187ffd000-7fa187ffe000 r--p 00105000 08:02 53874556                   /lib/x86_64-linux-gnu/libglib-2.0.so.0.4000.0
7fa187ffe000-7fa187fff000 rw-p 00106000 08:02 53874556                   /lib/x86_64-linux-gnu/libglib-2.0.so.0.4000.0
7fa187fff000-7fa188000000 rw-p 00000000 00:00 0 
7fa188000000-7fa18ba13000 rw-p 00000000 00:00 0 
7fa18ba13000-7fa18c000000 ---p 00000000 00:00 0 
7fa18c000000-7fa18c021000 rw-p 00000000 00:00 0 
7fa18c021000-7fa190000000 ---p 00000000 00:00 0 
7fa190000000-7fa190035000 rw-p 00000000 00:00 0 
7fa190035000-7fa194000000 ---p 00000000 00:00 0 
7fa194000000-7fa19713c000 rw-p 00000000 00:00 0 
7fa19713c000-7fa198000000 ---p 00000000 00:00 0 
7fa198000000-7fa19803b000 rw-p 00000000 00:00 0 
7fa19803b000-7fa19c000000 ---p 00000000 00:00 0 
7fa19c000000-7fa19c021000 rw-p 00000000 00:00 0 
7fa19c021000-7fa1a0000000 ---p 00000000 00:00 0 
7fa1a0000000-7fa1a002a000 rw-p 00000000 00:00 0 
7fa1a002a000-7fa1a4000000 ---p 00000000 00:00 0 
7fa1a4000000-7fa1a4021000 rw-p 00000000 00:00 0 
7fa1a4021000-7fa1a8000000 ---p 00000000 00:00 0 
7fa1a8000000-7fa1a823c000 rw-p 00000000 00:00 0 
7fa1a823c000-7fa1ac000000 ---p 00000000 00:00 0 
7fa1ac000000-7fa1ac021000 rw-p 00000000 00:00 0 
7fa1ac021000-7fa1b0000000 ---p 00000000 00:00 0 
7fa1b0000000-7fa1b002c000 rw-p 00000000 00:00 0 
7fa1b002c000-7fa1b4000000 ---p 00000000 00:00 0 
7fa1b4004000-7fa1b400b000 r--s 00000000 08:02 36312441                   /usr/lib/x86_64-linux-gnu/gconv/gconv-modules.cache
7fa1b400b000-7fa1b400e000 ---p 00000000 00:00 0 
7fa1b400e000-7fa1b4044000 rw-p 00000000 00:00 0 
7fa1b4044000-7fa1b4047000 ---p 00000000 00:00 0 
7fa1b4047000-7fa1b4176000 rw-p 00000000 00:00 0                          [stack:28588]
7fa1b4176000-7fa1b41c5000 r-xp 00000000 08:02 35921690                   /usr/lib/x86_64-linux-gnu/libgobject-2.0.so.0.4000.0
7fa1b41c5000-7fa1b43c5000 ---p 0004f000 08:02 35921690                   /usr/lib/x86_64-linux-gnu/libgobject-2.0.so.0.4000.0
7fa1b43c5000-7fa1b43c6000 r--p 0004f000 08:02 35921690                   /usr/lib/x86_64-linux-gnu/libgobject-2.0.so.0.4000.0
7fa1b43c6000-7fa1b43c7000 rw-p 00050000 08:02 35921690                   /usr/lib/x86_64-linux-gnu/libgobject-2.0.so.0.4000.0
7fa1b43c7000-7fa1b4532000 r-xp 00000000 08:02 35921660                   /usr/lib/x86_64-linux-gnu/libgio-2.0.so.0.4000.0
7fa1b4532000-7fa1b4732000 ---p 0016b000 08:02 35921660                   /usr/lib/x86_64-linux-gnu/libgio-2.0.so.0.4000.0
7fa1b4732000-7fa1b4736000 r--p 0016b000 08:02 35921660                   /usr/lib/x86_64-linux-gnu/libgio-2.0.so.0.4000.0
7fa1b4736000-7fa1b4738000 rw-p 0016f000 08:02 35921660                   /usr/lib/x86_64-linux-gnu/libgio-2.0.so.0.4000.0
7fa1b4738000-7fa1b473a000 rw-p 00000000 00:00 0 
7fa1b473b000-7fa1b473c000 rw-p 00000000 00:00 0 
7fa1b473c000-7fa1b4741000 r--s 0004c000 08:02 37884472                   /usr/lib/jvm/java-7-openjdk-amd64/jre/lib/jsse.jar
7fa1b4741000-7fa1b4744000 r--s 00017000 08:02 37884452                   /usr/lib/jvm/java-7-openjdk-amd64/jre/lib/jce.jar
7fa1b4744000-7fa1b4745000 r--p 00000000 00:00 0 
7fa1b4745000-7fa1b474e000 r--s 000b9000 08:02 37884461                   /usr/lib/jvm/java-7-openjdk-amd64/jre/lib/resources.jar
7fa1b474e000-7fa1b474f000 r--p 00000000 08:02 37759154                   /usr/share/locale-langpack/en_GB/LC_MESSAGES/libc.mo
7fa1b474f000-7fa1b4765000 r-xp 00000000 08:02 37884503                   /usr/lib/jvm/java-7-openjdk-amd64/jre/lib/amd64/libnet.so
7fa1b4765000-7fa1b4965000 ---p 00016000 08:02 37884503                   /usr/lib/jvm/java-7-openjdk-amd64/jre/lib/amd64/libnet.so
7fa1b4965000-7fa1b4966000 r--p 00016000 08:02 37884503                   /usr/lib/jvm/java-7-openjdk-amd64/jre/lib/amd64/libnet.so
7fa1b4966000-7fa1b4967000 rw-p 00017000 08:02 37884503                   /usr/lib/jvm/java-7-openjdk-amd64/jre/lib/amd64/libnet.so
7fa1b4967000-7fa1b4969000 r--s 00005000 08:02 56625923                   /home/xushunyi/workspace/floodlight/lib/slf4j-api-1.6.4.jar
7fa1b4969000-7fa1b496f000 r--s 00035000 08:02 56625858                   /home/xushunyi/workspace/floodlight/lib/simple-5.1.1.jar
7fa1b496f000-7fa1b4970000 r--s 00000000 08:02 56625929                   /home/xushunyi/workspace/floodlight/lib/org.restlet.ext.slf4j-2.2M3.jar
7fa1b4970000-7fa1b497a000 r--s 000b0000 08:02 56625932                   /home/xushunyi/workspace/floodlight/lib/org.restlet-2.2M3.jar
7fa1b497a000-7fa1b497d000 r--s 00019000 08:02 56625922                   /home/xushunyi/workspace/floodlight/lib/org.easymock-3.1.jar
7fa1b497d000-7fa1b497f000 r--s 00007000 08:02 56625941                   /home/xushunyi/workspace/floodlight/lib/objenesis-1.2.jar
7fa1b497f000-7fa1b498e000 r--s 000b3000 08:02 56625924                   /home/xushunyi/workspace/floodlight/lib/netty-3.2.6.Final.jar
7fa1b498e000-7fa1b4996000 r--s 00049000 08:02 56625859                   /home/xushunyi/workspace/floodlight/lib/logback-core-1.0.0.jar
7fa1b4996000-7fa1b499c000 r--s 00037000 08:02 56625940                   /home/xushunyi/workspace/floodlight/lib/logback-classic-1.0.0.jar
7fa1b499c000-7fa1b49a3000 r--s 0004e000 08:02 56625865                   /home/xushunyi/workspace/floodlight/lib/libthrift-0.9.0.jar
7fa1b49a3000-7fa1b4a38000 r--s 0093a000 08:02 56625943                   /home/xushunyi/workspace/floodlight/lib/jython-2.5.2.jar
7fa1b4a38000-7fa1b4a3e000 r--s 00034000 08:02 56625868                   /home/xushunyi/workspace/floodlight/lib/junit-4.8.2.jar
7fa1b4a3e000-7fa1b4a46000 r--s 0004e000 08:02 56625935                   /home/xushunyi/workspace/floodlight/lib/jackson-dataformat-yaml-2.1.4.jar
7fa1b4a46000-7fa1b4a48000 r--s 00012000 08:02 56625862                   /home/xushunyi/workspace/floodlight/lib/jackson-dataformat-xml-2.1.4.jar
7fa1b4a48000-7fa1b4a59000 r--s 000d2000 08:02 56625926                   /home/xushunyi/workspace/floodlight/lib/jackson-databind-2.1.4.jar
7fa1b4a59000-7fa1b4a5d000 r--s 0002f000 08:02 56625928                   /home/xushunyi/workspace/floodlight/lib/jackson-core-2.1.4.jar
7fa1b4a5d000-7fa1b4a81000 r--s 001aa000 08:02 56625931                   /home/xushunyi/workspace/floodlight/lib/guava-13.0.1.jar
7fa1b4a81000-7fa1b4aaa000 r--s 0026c000 08:02 56625933                   /home/xushunyi/workspace/floodlight/lib/derby-10.9.1.0.jar
7fa1b4aaa000-7fa1b4aab000 ---p 00000000 00:00 0 
7fa1b4aab000-7fa1b4bab000 rw-p 00000000 00:00 0                          [stack:28573]
7fa1b4bab000-7fa1b4bae000 ---p 00000000 00:00 0 
7fa1b4bae000-7fa1b4cac000 rw-p 00000000 00:00 0                          [stack:28572]
7fa1b4cac000-7fa1b4caf000 ---p 00000000 00:00 0 
7fa1b4caf000-7fa1b4dad000 rw-p 00000000 00:00 0                          [stack:28571]
7fa1b4dad000-7fa1b4db0000 ---p 00000000 00:00 0 
7fa1b4db0000-7fa1b4eae000 rw-p 00000000 00:00 0                          [stack:28570]
7fa1b4eae000-7fa1b4eb1000 ---p 00000000 00:00 0 
7fa1b4eb1000-7fa1b4faf000 rw-p 00000000 00:00 0 
7fa1b4faf000-7fa1b4fb2000 ---p 00000000 00:00 0 
7fa1b4fb2000-7fa1b50b0000 rw-p 00000000 00:00 0                          [stack:28565]
7fa1b50b0000-7fa1b50b3000 ---p 00000000 00:00 0 
7fa1b50b3000-7fa1b51b1000 rw-p 00000000 00:00 0                          [stack:28563]
7fa1b51b1000-7fa1b51b5000 r-xp 00000000 08:02 37884499                   /usr/lib/jvm/java-7-openjdk-amd64/jre/lib/amd64/libdt_socket.so
7fa1b51b5000-7fa1b53b4000 ---p 00004000 08:02 37884499                   /usr/lib/jvm/java-7-openjdk-amd64/jre/lib/amd64/libdt_socket.so
7fa1b53b4000-7fa1b53b5000 r--p 00003000 08:02 37884499                   /usr/lib/jvm/java-7-openjdk-amd64/jre/lib/amd64/libdt_socket.so
7fa1b53b5000-7fa1b53b6000 rw-p 00004000 08:02 37884499                   /usr/lib/jvm/java-7-openjdk-amd64/jre/lib/amd64/libdt_socket.so
7fa1b53b6000-7fa1b53b9000 ---p 00000000 00:00 0 
7fa1b53b9000-7fa1b54b7000 rw-p 00000000 00:00 0                          [stack:28561]
7fa1b54b7000-7fa1b54ba000 ---p 00000000 00:00 0 
7fa1b54ba000-7fa1b55b8000 rw-p 00000000 00:00 0                          [stack:28560]
7fa1b55b8000-7fa1b55bb000 ---p 00000000 00:00 0 
7fa1b55bb000-7fa1b56b9000 rw-p 00000000 00:00 0                          [stack:28559]
7fa1b56b9000-7fa1b56ba000 ---p 00000000 00:00 0 
7fa1b56ba000-7fa1b8000000 rw-p 00000000 00:00 0                          [stack:28557]
7fa1b8000000-7fa1b8043000 rw-p 00000000 00:00 0 
7fa1b8043000-7fa1bc000000 ---p 00000000 00:00 0 
7fa1bc000000-7fa1bc030000 rw-p 00000000 00:00 0 
7fa1bc030000-7fa1c0000000 ---p 00000000 00:00 0 
7fa1c0000000-7fa1c0021000 rw-p 00000000 00:00 0 
7fa1c0021000-7fa1c4000000 ---p 00000000 00:00 0 
7fa1c4000000-7fa1c4001000 r--s 00002000 08:02 56625866                   /home/xushunyi/workspace/floodlight/lib/org.restlet.ext.simple-2.2M3.jar
7fa1c4001000-7fa1c4003000 r--s 00011000 08:02 56625939                   /home/xushunyi/workspace/floodlight/lib/jackson-dataformat-csv-2.1.4.jar
7fa1c4003000-7fa1c4005000 r--s 00007000 08:02 56625934                   /home/xushunyi/workspace/floodlight/lib/jackson-annotations-2.1.4.jar
7fa1c4005000-7fa1c4007000 r--s 00006000 08:02 56625861                   /home/xushunyi/workspace/floodlight/lib/findbugs-jsr305-2.0.1.jar
7fa1c4007000-7fa1c400b000 r--s 0000f000 08:02 56625860                   /home/xushunyi/workspace/floodlight/lib/findbugs-annotations-2.0.1.jar
7fa1c400b000-7fa1c400e000 r--s 0000b000 08:02 56625930                   /home/xushunyi/workspace/floodlight/lib/concurrentlinkedhashmap-lru-1.2.jar
7fa1c400e000-7fa1c4014000 r--s 0004a000 08:02 56625936                   /home/xushunyi/workspace/floodlight/lib/cglib-nodep-2.2.2.jar
7fa1c4014000-7fa1c4aa9000 rw-p 00000000 00:00 0 
7fa1c4aa9000-7fa1c4c57000 r--s 01cfc000 08:02 37884450                   /usr/lib/jvm/java-7-openjdk-amd64/jre/lib/rt.jar
7fa1c4c57000-7fa1c4eff000 rw-p 00000000 00:00 0 
7fa1c4eff000-7fa1c4f00000 ---p 00000000 00:00 0 
7fa1c4f00000-7fa1c5000000 rw-p 00000000 00:00 0                          [stack:28556]
7fa1c5000000-7fa1c5430000 rwxp 00000000 00:00 0 
7fa1c5430000-7fa1c8902000 rw-p 00000000 00:00 0 
7fa1c8902000-7fa1cc000000 ---p 00000000 00:00 0 
7fa1cc000000-7fa1cc0c5000 rw-p 00000000 00:00 0 
7fa1cc0c5000-7fa1cc0c6000 ---p 00000000 00:00 0 
7fa1cc0c6000-7fa1cc1c6000 rw-p 00000000 00:00 0                          [stack:28555]
7fa1cc1c6000-7fa1cc1c7000 ---p 00000000 00:00 0 
7fa1cc1c7000-7fa1cc2c7000 rw-p 00000000 00:00 0                          [stack:28554]
7fa1cc2c7000-7fa1cc2c8000 ---p 00000000 00:00 0 
7fa1cc2c8000-7fa1cc3ee000 rw-p 00000000 00:00 0                          [stack:28553]
7fa1cc3ee000-7fa1cc41b000 rw-p 00000000 00:00 0 
7fa1cc41b000-7fa1cc433000 rw-p 00000000 00:00 0 
7fa1cc433000-7fa1cc55b000 rw-p 00000000 00:00 0 
7fa1cc55b000-7fa1cc581000 rw-p 00000000 00:00 0 
7fa1cc581000-7fa1cc5ae000 rw-p 00000000 00:00 0 
7fa1cc5ae000-7fa1cc5c6000 rw-p 00000000 00:00 0 
7fa1cc5c6000-7fa1cc6ed000 rw-p 00000000 00:00 0 
7fa1cc6ed000-7fa1cc78d000 rw-p 00000000 00:00 0 
7fa1cc78d000-7fa1cc78e000 rw-p 00000000 00:00 0 
7fa1cc78e000-7fa1cc796000 r-xp 00000000 08:02 37884498                   /usr/lib/jvm/java-7-openjdk-amd64/jre/lib/amd64/libzip.so
7fa1cc796000-7fa1cc995000 ---p 00008000 08:02 37884498                   /usr/lib/jvm/java-7-openjdk-amd64/jre/lib/amd64/libzip.so
7fa1cc995000-7fa1cc996000 r--p 00007000 08:02 37884498                   /usr/lib/jvm/java-7-openjdk-amd64/jre/lib/amd64/libzip.so
7fa1cc996000-7fa1cc997000 rw-p 00008000 08:02 37884498                   /usr/lib/jvm/java-7-openjdk-amd64/jre/lib/amd64/libzip.so
7fa1cc997000-7fa1cc9a2000 r-xp 00000000 08:02 53870907                   /lib/x86_64-linux-gnu/libnss_files-2.19.so
7fa1cc9a2000-7fa1ccba1000 ---p 0000b000 08:02 53870907                   /lib/x86_64-linux-gnu/libnss_files-2.19.so
7fa1ccba1000-7fa1ccba2000 r--p 0000a000 08:02 53870907                   /lib/x86_64-linux-gnu/libnss_files-2.19.so
7fa1ccba2000-7fa1ccba3000 rw-p 0000b000 08:02 53870907                   /lib/x86_64-linux-gnu/libnss_files-2.19.so
7fa1ccba3000-7fa1ccbae000 r-xp 00000000 08:02 53870891                   /lib/x86_64-linux-gnu/libnss_nis-2.19.so
7fa1ccbae000-7fa1ccdad000 ---p 0000b000 08:02 53870891                   /lib/x86_64-linux-gnu/libnss_nis-2.19.so
7fa1ccdad000-7fa1ccdae000 r--p 0000a000 08:02 53870891                   /lib/x86_64-linux-gnu/libnss_nis-2.19.so
7fa1ccdae000-7fa1ccdaf000 rw-p 0000b000 08:02 53870891                   /lib/x86_64-linux-gnu/libnss_nis-2.19.so
7fa1ccdaf000-7fa1ccdc6000 r-xp 00000000 08:02 53870909                   /lib/x86_64-linux-gnu/libnsl-2.19.so
7fa1ccdc6000-7fa1ccfc5000 ---p 00017000 08:02 53870909                   /lib/x86_64-linux-gnu/libnsl-2.19.so
7fa1ccfc5000-7fa1ccfc6000 r--p 00016000 08:02 53870909                   /lib/x86_64-linux-gnu/libnsl-2.19.so
7fa1ccfc6000-7fa1ccfc7000 rw-p 00017000 08:02 53870909                   /lib/x86_64-linux-gnu/libnsl-2.19.so
7fa1ccfc7000-7fa1ccfc9000 rw-p 00000000 00:00 0 
7fa1ccfc9000-7fa1ccfd2000 r-xp 00000000 08:02 53870902                   /lib/x86_64-linux-gnu/libnss_compat-2.19.so
7fa1ccfd2000-7fa1cd1d1000 ---p 00009000 08:02 53870902                   /lib/x86_64-linux-gnu/libnss_compat-2.19.so
7fa1cd1d1000-7fa1cd1d2000 r--p 00008000 08:02 53870902                   /lib/x86_64-linux-gnu/libnss_compat-2.19.so
7fa1cd1d2000-7fa1cd1d3000 rw-p 00009000 08:02 53870902                   /lib/x86_64-linux-gnu/libnss_compat-2.19.so
7fa1cd1d3000-7fa1cd8b5000 r--p 00000000 08:02 35920390                   /usr/lib/locale/locale-archive
7fa1cd8b5000-7fa1cd8b8000 r-xp 00000000 08:02 37884528                   /usr/lib/jvm/java-7-openjdk-amd64/jre/lib/amd64/libnpt.so
7fa1cd8b8000-7fa1cdab7000 ---p 00003000 08:02 37884528                   /usr/lib/jvm/java-7-openjdk-amd64/jre/lib/amd64/libnpt.so
7fa1cdab7000-7fa1cdab8000 r--p 00002000 08:02 37884528                   /usr/lib/jvm/java-7-openjdk-amd64/jre/lib/amd64/libnpt.so
7fa1cdab8000-7fa1cdab9000 rw-p 00003000 08:02 37884528                   /usr/lib/jvm/java-7-openjdk-amd64/jre/lib/amd64/libnpt.so
7fa1cdab9000-7fa1cdaf3000 r-xp 00000000 08:02 37884514                   /usr/lib/jvm/java-7-openjdk-amd64/jre/lib/amd64/libjdwp.so
7fa1cdaf3000-7fa1cdcf2000 ---p 0003a000 08:02 37884514                   /usr/lib/jvm/java-7-openjdk-amd64/jre/lib/amd64/libjdwp.so
7fa1cdcf2000-7fa1cdcf3000 r--p 00039000 08:02 37884514                   /usr/lib/jvm/java-7-openjdk-amd64/jre/lib/amd64/libjdwp.so
7fa1cdcf3000-7fa1cdcf4000 rw-p 0003a000 08:02 37884514                   /usr/lib/jvm/java-7-openjdk-amd64/jre/lib/amd64/libjdwp.so
7fa1cdcf4000-7fa1cdd1f000 r-xp 00000000 08:02 37884494                   /usr/lib/jvm/java-7-openjdk-amd64/jre/lib/amd64/libjava.so
7fa1cdd1f000-7fa1cdf1e000 ---p 0002b000 08:02 37884494                   /usr/lib/jvm/java-7-openjdk-amd64/jre/lib/amd64/libjava.so
7fa1cdf1e000-7fa1cdf1f000 r--p 0002a000 08:02 37884494                   /usr/lib/jvm/java-7-openjdk-amd64/jre/lib/amd64/libjava.so
7fa1cdf1f000-7fa1cdf21000 rw-p 0002b000 08:02 37884494                   /usr/lib/jvm/java-7-openjdk-amd64/jre/lib/amd64/libjava.so
7fa1cdf21000-7fa1cdf31000 r-xp 00000000 08:02 37884527                   /usr/lib/jvm/java-7-openjdk-amd64/jre/lib/amd64/libverify.so
7fa1cdf31000-7fa1ce130000 ---p 00010000 08:02 37884527                   /usr/lib/jvm/java-7-openjdk-amd64/jre/lib/amd64/libverify.so
7fa1ce130000-7fa1ce132000 r--p 0000f000 08:02 37884527                   /usr/lib/jvm/java-7-openjdk-amd64/jre/lib/amd64/libverify.so
7fa1ce132000-7fa1ce133000 rw-p 00011000 08:02 37884527                   /usr/lib/jvm/java-7-openjdk-amd64/jre/lib/amd64/libverify.so
7fa1ce133000-7fa1ce13a000 r-xp 00000000 08:02 53870905                   /lib/x86_64-linux-gnu/librt-2.19.so
7fa1ce13a000-7fa1ce339000 ---p 00007000 08:02 53870905                   /lib/x86_64-linux-gnu/librt-2.19.so
7fa1ce339000-7fa1ce33a000 r--p 00006000 08:02 53870905                   /lib/x86_64-linux-gnu/librt-2.19.so
7fa1ce33a000-7fa1ce33b000 rw-p 00007000 08:02 53870905                   /lib/x86_64-linux-gnu/librt-2.19.so
7fa1ce33b000-7fa1ce351000 r-xp 00000000 08:02 53874552                   /lib/x86_64-linux-gnu/libgcc_s.so.1
7fa1ce351000-7fa1ce550000 ---p 00016000 08:02 53874552                   /lib/x86_64-linux-gnu/libgcc_s.so.1
7fa1ce550000-7fa1ce551000 rw-p 00015000 08:02 53874552                   /lib/x86_64-linux-gnu/libgcc_s.so.1
7fa1ce551000-7fa1ce656000 r-xp 00000000 08:02 53870906                   /lib/x86_64-linux-gnu/libm-2.19.so
7fa1ce656000-7fa1ce855000 ---p 00105000 08:02 53870906                   /lib/x86_64-linux-gnu/libm-2.19.so
7fa1ce855000-7fa1ce856000 r--p 00104000 08:02 53870906                   /lib/x86_64-linux-gnu/libm-2.19.so
7fa1ce856000-7fa1ce857000 rw-p 00105000 08:02 53870906                   /lib/x86_64-linux-gnu/libm-2.19.so
7fa1ce857000-7fa1ce93d000 r-xp 00000000 08:02 35922185                   /usr/lib/x86_64-linux-gnu/libstdc++.so.6.0.19
7fa1ce93d000-7fa1ceb3c000 ---p 000e6000 08:02 35922185                   /usr/lib/x86_64-linux-gnu/libstdc++.so.6.0.19
7fa1ceb3c000-7fa1ceb44000 r--p 000e5000 08:02 35922185                   /usr/lib/x86_64-linux-gnu/libstdc++.so.6.0.19
7fa1ceb44000-7fa1ceb46000 rw-p 000ed000 08:02 35922185                   /usr/lib/x86_64-linux-gnu/libstdc++.so.6.0.19
7fa1ceb46000-7fa1ceb5b000 rw-p 00000000 00:00 0 
7fa1ceb5b000-7fa1cf63c000 r-xp 00000000 08:02 37884509                   /usr/lib/jvm/java-7-openjdk-amd64/jre/lib/amd64/server/libjvm.so
7fa1cf63c000-7fa1cf83b000 ---p 00ae1000 08:02 37884509                   /usr/lib/jvm/java-7-openjdk-amd64/jre/lib/amd64/server/libjvm.so
7fa1cf83b000-7fa1cf8cd000 r--p 00ae0000 08:02 37884509                   /usr/lib/jvm/java-7-openjdk-amd64/jre/lib/amd64/server/libjvm.so
7fa1cf8cd000-7fa1cf8f0000 rw-p 00b72000 08:02 37884509                   /usr/lib/jvm/java-7-openjdk-amd64/jre/lib/amd64/server/libjvm.so
7fa1cf8f0000-7fa1cf91d000 rw-p 00000000 00:00 0 
7fa1cf91d000-7fa1cf935000 r-xp 00000000 08:02 53874688                   /lib/x86_64-linux-gnu/libz.so.1.2.8
7fa1cf935000-7fa1cfb34000 ---p 00018000 08:02 53874688                   /lib/x86_64-linux-gnu/libz.so.1.2.8
7fa1cfb34000-7fa1cfb35000 r--p 00017000 08:02 53874688                   /lib/x86_64-linux-gnu/libz.so.1.2.8
7fa1cfb35000-7fa1cfb36000 rw-p 00018000 08:02 53874688                   /lib/x86_64-linux-gnu/libz.so.1.2.8
7fa1cfb36000-7fa1cfb4f000 r-xp 00000000 08:02 53871553                   /lib/x86_64-linux-gnu/libpthread-2.19.so
7fa1cfb4f000-7fa1cfd4e000 ---p 00019000 08:02 53871553                   /lib/x86_64-linux-gnu/libpthread-2.19.so
7fa1cfd4e000-7fa1cfd4f000 r--p 00018000 08:02 53871553                   /lib/x86_64-linux-gnu/libpthread-2.19.so
7fa1cfd4f000-7fa1cfd50000 rw-p 00019000 08:02 53871553                   /lib/x86_64-linux-gnu/libpthread-2.19.so
7fa1cfd50000-7fa1cfd54000 rw-p 00000000 00:00 0 
7fa1cfd54000-7fa1cfd57000 r-xp 00000000 08:02 53870899                   /lib/x86_64-linux-gnu/libdl-2.19.so
7fa1cfd57000-7fa1cff56000 ---p 00003000 08:02 53870899                   /lib/x86_64-linux-gnu/libdl-2.19.so
7fa1cff56000-7fa1cff57000 r--p 00002000 08:02 53870899                   /lib/x86_64-linux-gnu/libdl-2.19.so
7fa1cff57000-7fa1cff58000 rw-p 00003000 08:02 53870899                   /lib/x86_64-linux-gnu/libdl-2.19.so
7fa1cff58000-7fa1d0114000 r-xp 00000000 08:02 53870910                   /lib/x86_64-linux-gnu/libc-2.19.so
7fa1d0114000-7fa1d0313000 ---p 001bc000 08:02 53870910                   /lib/x86_64-linux-gnu/libc-2.19.so
7fa1d0313000-7fa1d0317000 r--p 001bb000 08:02 53870910                   /lib/x86_64-linux-gnu/libc-2.19.so
7fa1d0317000-7fa1d0319000 rw-p 001bf000 08:02 53870910                   /lib/x86_64-linux-gnu/libc-2.19.so
7fa1d0319000-7fa1d031e000 rw-p 00000000 00:00 0 
7fa1d031e000-7fa1d032b000 r-xp 00000000 08:02 37884520                   /usr/lib/jvm/java-7-openjdk-amd64/jre/lib/amd64/jli/libjli.so
7fa1d032b000-7fa1d052a000 ---p 0000d000 08:02 37884520                   /usr/lib/jvm/java-7-openjdk-amd64/jre/lib/amd64/jli/libjli.so
7fa1d052a000-7fa1d052b000 r--p 0000c000 08:02 37884520                   /usr/lib/jvm/java-7-openjdk-amd64/jre/lib/amd64/jli/libjli.so
7fa1d052b000-7fa1d052c000 rw-p 0000d000 08:02 37884520                   /usr/lib/jvm/java-7-openjdk-amd64/jre/lib/amd64/jli/libjli.so
7fa1d052c000-7fa1d054f000 r-xp 00000000 08:02 53870898                   /lib/x86_64-linux-gnu/ld-2.19.so
7fa1d054f000-7fa1d0550000 r--s 00001000 08:02 56625944                   /home/xushunyi/workspace/floodlight/lib/org.restlet.ext.jackson-2.2M3.jar
7fa1d0550000-7fa1d0552000 r--s 0000c000 08:02 56625863                   /home/xushunyi/workspace/floodlight/lib/args4j-2.0.16.jar
7fa1d0552000-7fa1d0555000 r--s 0000f000 08:02 37884454                   /usr/lib/jvm/java-7-openjdk-amd64/jre/lib/ext/pulse-java.jar
7fa1d0555000-7fa1d0557000 r--s 00006000 08:02 36311976                   /usr/share/java/java-atk-wrapper.jar
7fa1d0557000-7fa1d055b000 r--s 00085000 08:02 37884457                   /usr/lib/jvm/java-7-openjdk-amd64/jre/lib/ext/localedata.jar
7fa1d055b000-7fa1d0582000 rw-p 00000000 00:00 0 
7fa1d0582000-7fa1d0631000 rw-p 00000000 00:00 0 
7fa1d0631000-7fa1d0634000 ---p 00000000 00:00 0 
7fa1d0634000-7fa1d0737000 rw-p 00000000 00:00 0                          [stack:28552]
7fa1d0737000-7fa1d0738000 r--s 00010000 08:02 56625945                   /home/xushunyi/workspace/floodlight/lib/jackson-dataformat-smile-2.1.4.jar
7fa1d0738000-7fa1d073a000 r--s 00012000 08:02 37884455                   /usr/lib/jvm/java-7-openjdk-amd64/jre/lib/ext/zipfs.jar
7fa1d073a000-7fa1d073b000 r--s 00002000 08:02 37884459                   /usr/lib/jvm/java-7-openjdk-amd64/jre/lib/ext/dnsns.jar
7fa1d073b000-7fa1d073f000 r--s 0003b000 08:02 37884458                   /usr/lib/jvm/java-7-openjdk-amd64/jre/lib/ext/sunpkcs11.jar
7fa1d073f000-7fa1d0742000 r--s 00032000 08:02 37884456                   /usr/lib/jvm/java-7-openjdk-amd64/jre/lib/ext/sunjce_provider.jar
7fa1d0742000-7fa1d074a000 rw-s 00000000 08:02 59506749                   /tmp/hsperfdata_xushunyi/28543
7fa1d074a000-7fa1d074b000 rw-p 00000000 00:00 0 
7fa1d074b000-7fa1d074c000 ---p 00000000 00:00 0 
7fa1d074c000-7fa1d074e000 rw-p 00000000 00:00 0 
7fa1d074e000-7fa1d074f000 r--p 00022000 08:02 53870898                   /lib/x86_64-linux-gnu/ld-2.19.so
7fa1d074f000-7fa1d0750000 rw-p 00023000 08:02 53870898                   /lib/x86_64-linux-gnu/ld-2.19.so
7fa1d0750000-7fa1d0751000 rw-p 00000000 00:00 0 
7fff29fba000-7fff29fdc000 rw-p 00000000 00:00 0                          [stack]
7fff29fdf000-7fff29fe1000 r-xp 00000000 00:00 0                          [vdso]
ffffffffff600000-ffffffffff601000 r-xp 00000000 00:00 0                  [vsyscall]

VM Arguments:
jvm_args: -agentlib:jdwp=transport=dt_socket,suspend=y,address=localhost:60463 -Dfile.encoding=UTF-8 
java_command: net.floodlightcontroller.core.Main
Launcher Type: SUN_STANDARD

Environment Variables:
